###############################################################################
#                                                                             #
# IAR C/C++ Compiler V8.10.3.10338/W32 for 8051         15/Nov/2016  16:59:47 #
# Copyright 2004-2011 IAR Systems AB.                                         #
#                                                                             #
#    Core               =  plain                                              #
#    Code model         =  banked                                             #
#    Data model         =  large                                              #
#    Calling convention =  xdata reentrant                                    #
#    Constant location  =  data_rom                                           #
#    Dptr setup         =  1,16                                               #
#    Source file        =  C:\Users\icecreamco\Desktop\GAP\EndDvice -         #
#                          拨码开关地址版\Components\hal\target\CC2530EB\hal_ #
#                          sleep.c                                            #
#    Command line       =  -f "C:\Users\icecreamco\Desktop\GAP\EndDvice -     #
#                          拨码开关地址版\Projects\zstack\Samples\SampleApp\C #
#                          C2530DB\..\..\..\Tools\CC2530DB\f8wEndev.cfg"      #
#                          (-DCPU32MHZ -DROOT=__near_func                     #
#                          -DMAC_CFG_TX_DATA_MAX=3 -DMAC_CFG_TX_MAX=6         #
#                          -DMAC_CFG_RX_MAX=3) -f "C:\Users\icecreamco\Deskto #
#                          p\GAP\EndDvice - 拨码开关地址版\Projects\zstack\Sa #
#                          mples\SampleApp\CC2530DB\..\..\..\Tools\CC2530DB\f #
#                          8wConfig.cfg" (-DZIGBEEPRO -DSECURE=0              #
#                          -DZG_SECURE_DYNAMIC=0 -DREFLECTOR                  #
#                          -DDEFAULT_CHANLIST=0x00000800                      #
#                          -DZDAPP_CONFIG_PAN_ID=0x0808                       #
#                          -DNWK_START_DELAY=100 -DEXTENDED_JOINING_RANDOM_MA #
#                          SK=0x007F -DBEACON_REQUEST_DELAY=500               #
#                          -DBEACON_REQ_DELAY_MASK=0x00FF                     #
#                          -DLINK_STATUS_JITTER_MASK=0x007F                   #
#                          -DROUTE_EXPIRY_TIME=30 -DAPSC_ACK_WAIT_DURATION_PO #
#                          LLED=3000 -DNWK_INDIRECT_MSG_TIMEOUT=7             #
#                          -DMAX_RREQ_ENTRIES=8 -DAPSC_MAX_FRAME_RETRIES=3    #
#                          -DNWK_MAX_DATA_RETRIES=2                           #
#                          -DMAX_POLL_FAILURE_RETRIES=2 -DMAX_BCAST=9         #
#                          -DAPS_MAX_GROUPS=16 -DMAX_RTG_ENTRIES=40           #
#                          -DNWK_MAX_BINDING_ENTRIES=4                        #
#                          -DMAX_BINDING_CLUSTER_IDS=4 "-DDEFAULT_KEY={0x01,  #
#                          0x03, 0x05, 0x07, 0x09, 0x0B, 0x0D, 0x0F, 0x00,    #
#                          0x02, 0x04, 0x06, 0x08, 0x0A, 0x0C, 0x0D}"         #
#                          -DMAC_MAX_FRAME_SIZE=116                           #
#                          -DZDNWKMGR_MIN_TRANSMISSIONS=20 "-DCONST=const     #
#                          __code" -DGENERIC=__generic                        #
#                          -DRFD_RCVC_ALWAYS_ON=FALSE -DPOLL_RATE=1000        #
#                          -DQUEUED_POLL_RATE=100 -DRESPONSE_POLL_RATE=100)   #
#                          -DREJOIN_POLL_RATE=440 "C:\Users\icecreamco\Deskto #
#                          p\GAP\EndDvice - 拨码开关地址版\Components\hal\tar #
#                          get\CC2530EB\hal_sleep.c" -D xNWK_AUTO_POLL -D     #
#                          POWER_SAVING -D AUTO_RESET -D xMT_TASK -D          #
#                          xMT_SYS_FUNC -D xMT_ZDO_FUNC -D                    #
#                          xLCD_SUPPORTED=DEBUG -lC                           #
#                          "C:\Users\icecreamco\Desktop\GAP\EndDvice -        #
#                          拨码开关地址版\Projects\zstack\Samples\SampleApp\C #
#                          C2530DB\EndDeviceEB\List\" -lA                     #
#                          "C:\Users\icecreamco\Desktop\GAP\EndDvice -        #
#                          拨码开关地址版\Projects\zstack\Samples\SampleApp\C #
#                          C2530DB\EndDeviceEB\List\" --diag_suppress         #
#                          Pe001,Pa010 -o "C:\Users\icecreamco\Desktop\GAP\En #
#                          dDvice - 拨码开关地址版\Projects\zstack\Samples\Sa #
#                          mpleApp\CC2530DB\EndDeviceEB\Obj\" -e              #
#                          --no_code_motion --debug --core=plain --dptr=16,1  #
#                          --data_model=large --code_model=banked             #
#                          --calling_convention=xdata_reentrant               #
#                          --place_constants=data_rom --nr_virtual_regs 16    #
#                          -I "C:\Users\icecreamco\Desktop\GAP\EndDvice -     #
#                          拨码开关地址版\Projects\zstack\Samples\SampleApp\C #
#                          C2530DB\" -I "C:\Users\icecreamco\Desktop\GAP\EndD #
#                          vice - 拨码开关地址版\Projects\zstack\Samples\Samp #
#                          leApp\CC2530DB\..\Source\" -I                      #
#                          "C:\Users\icecreamco\Desktop\GAP\EndDvice -        #
#                          拨码开关地址版\Projects\zstack\Samples\SampleApp\C #
#                          C2530DB\..\..\..\ZMain\TI2530DB\" -I               #
#                          "C:\Users\icecreamco\Desktop\GAP\EndDvice -        #
#                          拨码开关地址版\Projects\zstack\Samples\SampleApp\C #
#                          C2530DB\..\..\..\..\..\Components\hal\include\"    #
#                          -I "C:\Users\icecreamco\Desktop\GAP\EndDvice -     #
#                          拨码开关地址版\Projects\zstack\Samples\SampleApp\C #
#                          C2530DB\..\..\..\..\..\Components\hal\target\CC253 #
#                          0EB\" -I "C:\Users\icecreamco\Desktop\GAP\EndDvice #
#                           - 拨码开关地址版\Projects\zstack\Samples\SampleAp #
#                          p\CC2530DB\..\..\..\..\..\Components\mac\include\" #
#                           -I "C:\Users\icecreamco\Desktop\GAP\EndDvice -    #
#                          拨码开关地址版\Projects\zstack\Samples\SampleApp\C #
#                          C2530DB\..\..\..\..\..\Components\mac\high_level\" #
#                           -I "C:\Users\icecreamco\Desktop\GAP\EndDvice -    #
#                          拨码开关地址版\Projects\zstack\Samples\SampleApp\C #
#                          C2530DB\..\..\..\..\..\Components\mac\low_level\sr #
#                          f04\" -I "C:\Users\icecreamco\Desktop\GAP\EndDvice #
#                           - 拨码开关地址版\Projects\zstack\Samples\SampleAp #
#                          p\CC2530DB\..\..\..\..\..\Components\mac\low_level #
#                          \srf04\single_chip\" -I "C:\Users\icecreamco\Deskt #
#                          op\GAP\EndDvice - 拨码开关地址版\Projects\zstack\S #
#                          amples\SampleApp\CC2530DB\..\..\..\..\..\Component #
#                          s\mt\" -I "C:\Users\icecreamco\Desktop\GAP\EndDvic #
#                          e - 拨码开关地址版\Projects\zstack\Samples\SampleA #
#                          pp\CC2530DB\..\..\..\..\..\Components\osal\include #
#                          \" -I "C:\Users\icecreamco\Desktop\GAP\EndDvice -  #
#                          拨码开关地址版\Projects\zstack\Samples\SampleApp\C #
#                          C2530DB\..\..\..\..\..\Components\services\saddr\" #
#                           -I "C:\Users\icecreamco\Desktop\GAP\EndDvice -    #
#                          拨码开关地址版\Projects\zstack\Samples\SampleApp\C #
#                          C2530DB\..\..\..\..\..\Components\services\sdata\" #
#                           -I "C:\Users\icecreamco\Desktop\GAP\EndDvice -    #
#                          拨码开关地址版\Projects\zstack\Samples\SampleApp\C #
#                          C2530DB\..\..\..\..\..\Components\stack\af\" -I    #
#                          "C:\Users\icecreamco\Desktop\GAP\EndDvice -        #
#                          拨码开关地址版\Projects\zstack\Samples\SampleApp\C #
#                          C2530DB\..\..\..\..\..\Components\stack\nwk\" -I   #
#                          "C:\Users\icecreamco\Desktop\GAP\EndDvice -        #
#                          拨码开关地址版\Projects\zstack\Samples\SampleApp\C #
#                          C2530DB\..\..\..\..\..\Components\stack\sapi\" -I  #
#                          "C:\Users\icecreamco\Desktop\GAP\EndDvice -        #
#                          拨码开关地址版\Projects\zstack\Samples\SampleApp\C #
#                          C2530DB\..\..\..\..\..\Components\stack\sec\" -I   #
#                          "C:\Users\icecreamco\Desktop\GAP\EndDvice -        #
#                          拨码开关地址版\Projects\zstack\Samples\SampleApp\C #
#                          C2530DB\..\..\..\..\..\Components\stack\sys\" -I   #
#                          "C:\Users\icecreamco\Desktop\GAP\EndDvice -        #
#                          拨码开关地址版\Projects\zstack\Samples\SampleApp\C #
#                          C2530DB\..\..\..\..\..\Components\stack\zdo\" -I   #
#                          "C:\Users\icecreamco\Desktop\GAP\EndDvice -        #
#                          拨码开关地址版\Projects\zstack\Samples\SampleApp\C #
#                          C2530DB\..\..\..\..\..\Components\zmac\" -I        #
#                          "C:\Users\icecreamco\Desktop\GAP\EndDvice -        #
#                          拨码开关地址版\Projects\zstack\Samples\SampleApp\C #
#                          C2530DB\..\..\..\..\..\Components\zmac\f8w\" -Ohz  #
#                          --require_prototypes                               #
#    List file          =  C:\Users\icecreamco\Desktop\GAP\EndDvice -         #
#                          拨码开关地址版\Projects\zstack\Samples\SampleApp\C #
#                          C2530DB\EndDeviceEB\List\hal_sleep.lst             #
#    Object file        =  C:\Users\icecreamco\Desktop\GAP\EndDvice -         #
#                          拨码开关地址版\Projects\zstack\Samples\SampleApp\C #
#                          C2530DB\EndDeviceEB\Obj\hal_sleep.r51              #
#                                                                             #
#                                                                             #
###############################################################################

C:\Users\icecreamco\Desktop\GAP\EndDvice - 拨码开关地址版\Components\hal\target\CC2530EB\hal_sleep.c
      1          /**************************************************************************************************
      2            Filename:       hal_sleep.c
      3            Revised:        $Date: 2012-03-07 11:55:12 -0800 (Wed, 07 Mar 2012) $
      4            Revision:       $Revision: 29664 $
      5          
      6            Description:    This module contains the HAL power management procedures for the CC2530.
      7          
      8          
      9            Copyright 2006-2012 Texas Instruments Incorporated. All rights reserved.
     10          
     11            IMPORTANT: Your use of this Software is limited to those specific rights
     12            granted under the terms of a software license agreement between the user
     13            who downloaded the software, his/her employer (which must be your employer)
     14            and Texas Instruments Incorporated (the "License").  You may not use this
     15            Software unless you agree to abide by the terms of the License. The License
     16            limits your use, and you acknowledge, that the Software may not be modified,
     17            copied or distributed unless embedded on a Texas Instruments microcontroller
     18            or used solely and exclusively in conjunction with a Texas Instruments radio
     19            frequency transceiver, which is integrated into your product.  Other than for
     20            the foregoing purpose, you may not use, reproduce, copy, prepare derivative
     21            works of, modify, distribute, perform, display or sell this Software and/or
     22            its documentation for any purpose.
     23          
     24            YOU FURTHER ACKNOWLEDGE AND AGREE THAT THE SOFTWARE AND DOCUMENTATION ARE
     25            PROVIDED AS IS?WITHOUT WARRANTY OF ANY KIND, EITHER EXPRESS OR IMPLIED,
     26            INCLUDING WITHOUT LIMITATION, ANY WARRANTY OF MERCHANTABILITY, TITLE,
     27            NON-INFRINGEMENT AND FITNESS FOR A PARTICULAR PURPOSE. IN NO EVENT SHALL
     28            TEXAS INSTRUMENTS OR ITS LICENSORS BE LIABLE OR OBLIGATED UNDER CONTRACT,
     29            NEGLIGENCE, STRICT LIABILITY, CONTRIBUTION, BREACH OF WARRANTY, OR OTHER
     30            LEGAL EQUITABLE THEORY ANY DIRECT OR INDIRECT DAMAGES OR EXPENSES
     31            INCLUDING BUT NOT LIMITED TO ANY INCIDENTAL, SPECIAL, INDIRECT, PUNITIVE
     32            OR CONSEQUENTIAL DAMAGES, LOST PROFITS OR LOST DATA, COST OF PROCUREMENT
     33            OF SUBSTITUTE GOODS, TECHNOLOGY, SERVICES, OR ANY CLAIMS BY THIRD PARTIES
     34            (INCLUDING BUT NOT LIMITED TO ANY DEFENSE THEREOF), OR OTHER SIMILAR COSTS.
     35          
     36            Should you have any questions regarding your right to use this Software,
     37            contact Texas Instruments Incorporated at www.TI.com.
     38          **************************************************************************************************/
     39          
     40          /* ------------------------------------------------------------------------------------------------
     41           *                                          Includes
     42           * ------------------------------------------------------------------------------------------------
     43           */
     44          #include "hal_types.h"
     45          #include "hal_mcu.h"

   \                                 In  segment SFR_AN, at 0x87
   \   unsigned char volatile __sfr PCON
   \                     PCON:
   \   000000                DS 1

   \                                 In  segment SFR_AN, at 0x95
   \   unsigned char volatile __sfr ST0
   \                     ST0:
   \   000000                DS 1

   \                                 In  segment SFR_AN, at 0x96
   \   unsigned char volatile __sfr ST1
   \                     ST1:
   \   000000                DS 1

   \                                 In  segment SFR_AN, at 0x97
   \   unsigned char volatile __sfr ST2
   \                     ST2:
   \   000000                DS 1

   \                                 In  segment SFR_AN, at 0x9a
   \   unsigned char volatile __sfr IEN2
   \                     IEN2:
   \   000000                DS 1

   \                                 In  segment SFR_AN, at 0xa8
   \   union <unnamed> volatile __sfr _A_IEN0
   \                     _A_IEN0:
   \   000000                DS 1

   \                                 In  segment SFR_AN, at 0xad
   \   unsigned char volatile __sfr STLOAD
   \                     STLOAD:
   \   000000                DS 1

   \                                 In  segment SFR_AN, at 0xb8
   \   union <unnamed> volatile __sfr _A_IEN1
   \                     _A_IEN1:
   \   000000                DS 1

   \                                 In  segment SFR_AN, at 0xbe
   \   unsigned char volatile __sfr SLEEPCMD
   \                     SLEEPCMD:
   \   000000                DS 1

   \                                 In  segment SFR_AN, at 0xc0
   \   union <unnamed> volatile __sfr _A_IRCON
   \                     _A_IRCON:
   \   000000                DS 1
     46          #include "hal_board.h"
     47          #include "hal_sleep.h"
     48          #include "hal_led.h"
     49          #include "hal_key.h"
     50          #include "mac_api.h"
     51          #include "OSAL.h"
     52          #include "OSAL_Timers.h"
     53          #include "OSAL_Clock.h"
     54          #include "OSAL_Tasks.h"
     55          #include "OSAL_PwrMgr.h"
     56          #include "OnBoard.h"
     57          #include "hal_drivers.h"
     58          #include "hal_assert.h"
     59          #include "mac_mcu.h"
     60          #include "SampleApp.h"
     61          #include "ZDApp.h"
     62          #include "ZDObject.h"
     63          #ifndef ZG_BUILD_ENDDEVICE_TYPE
     64          # define ZG_BUILD_ENDDEVICE_TYPE FALSE
     65          #endif
     66          
     67          #if ZG_BUILD_ENDDEVICE_TYPE && defined (NWK_AUTO_POLL)
     68          #include "nwk_globals.h"
     69          #include "ZGlobals.h"
     70          #endif
     71          

   \                                 In  segment XDATA_Z, align 1, keep-with-next
     72          uint8 sleepMode = FREE_SLEEP;						// 开机联网睡眠或是采集睡眠
   \                     sleepMode:
   \   000000                DS 1
   \   000001                REQUIRE __INIT_XDATA_Z

   \                                 In  segment XDATA_I, align 1, keep-with-next
     73          uint32 startSleepTime = 2500;				// 开机联网失败的睡眠时间
   \                     startSleepTime:
   \   000000                DS 4
   \   000004                REQUIRE `?<Initializer for startSleepTime>`
   \   000004                REQUIRE __INIT_XDATA_I

   \                                 In  segment XDATA_Z, align 1, keep-with-next
     74          uint32 Time_Interval = 0;         //数据采集间隔
   \                     Time_Interval:
   \   000000                DS 4
   \   000004                REQUIRE __INIT_XDATA_Z
     75          #define MAXSLEEPTIME 64000
     76          /* ------------------------------------------------------------------------------------------------
     77           *                                           Macros
     78           * ------------------------------------------------------------------------------------------------
     79           */
     80          
     81          /* POWER CONSERVATION DEFINITIONS
     82           * Sleep mode H/W definitions (enabled with POWER_SAVING compile option)
     83           */
     84          #define CC2530_PM0            0  /* PM0, Clock oscillators on, voltage regulator on */
     85          #define CC2530_PM1            1  /* PM1, 32.768 kHz oscillators on, voltage regulator on */
     86          #define CC2530_PM2            2  /* PM2, 32.768 kHz oscillators on, voltage regulator off */
     87          #define CC2530_PM3            3  /* PM3, All clock oscillators off, voltage regulator off */
     88          
     89          /* HAL power management mode is set according to the power management state. The default
     90           * setting is HAL_SLEEP_OFF. The actual value is tailored to different HW platform. Both
     91           * HAL_SLEEP_TIMER and HAL_SLEEP_DEEP selections will:
     92           *   1. turn off the system clock, and
     93           *   2. halt the MCU.
     94           * HAL_SLEEP_TIMER can be woken up by sleep timer interrupt, I/O interrupt and reset.
     95           * HAL_SLEEP_DEEP can be woken up by I/O interrupt and reset.
     96           */
     97          #define HAL_SLEEP_OFF         CC2530_PM0
     98          #define HAL_SLEEP_TIMER       CC2530_PM2
     99          #define HAL_SLEEP_DEEP        CC2530_PM3
    100          
    101          /* MAX_SLEEP_TIME calculation:
    102           *   Sleep timer maximum duration = 0xFFFF7F / 32768 Hz = 511.996 seconds
    103           *   Round it to 510 seconds or 510000 ms
    104           */
    105          #define MAX_SLEEP_TIME                   510000             /* maximum time to sleep allowed by ST */
    106          #define TICKS_SUBTRACTED                 2
    107          
    108          /* minimum time to sleep, this macro is to:
    109           * 1. avoid thrashing in-and-out of sleep with short OSAL timer (~2ms)
    110           * 2. define minimum safe sleep period
    111           */
    112          #if !defined (PM_MIN_SLEEP_TIME)
    113          #define PM_MIN_SLEEP_TIME                14                 /* default to minimum safe sleep time minimum CAP */
    114          #endif
    115          
    116          /* The PCON instruction must be 4-byte aligned. The following code may cause excessive power
    117           * consumption if not aligned. See linker file ".xcl" for actual placement.
    118           */
    119          #pragma location = "SLEEP_CODE"
    120          void halSetSleepMode(void);
    121          
    122          /* This value is used to adjust the sleep timer compare value such that the sleep timer
    123           * compare takes into account the amount of processing time spent in function halSleep().
    124           * The first value is determined by measuring the number of sleep timer ticks it from
    125           * the beginning of the function to entering sleep mode or more precisely, when
    126           * MAC_PwrNextTimeout() is called.  The second value is determined by measuring the number
    127           * of sleep timer ticks from exit of sleep mode to the call to MAC_PwrOnReq() where the
    128           * MAC timer is restarted.
    129           */
    130          #define HAL_SLEEP_ADJ_TICKS   (11 + 12)
    131          
    132          #ifndef HAL_SLEEP_DEBUG_POWER_MODE
    133          /* set CC2530 power mode; always use PM2 */
    134          #define HAL_SLEEP_PREP_POWER_MODE(mode)     st( SLEEPCMD &= ~PMODE; /* clear mode bits */    \
    135                                                          SLEEPCMD |= mode;   /* set mode bits   */    \
    136                                                          while (!(STLOAD & LDRDY));                   \
    137                                                          halSleepPconValue = PCON_IDLE;               \
    138                                                        )
    139          #define HAL_SLEEP_SET_POWER_MODE()          halSetSleepMode()
    140          #else
    141          /* Debug: don't set power mode, just block until sleep timer interrupt */
    142          #define HAL_SLEEP_PREP_POWER_MODE(mode)     /* nothing */
    143          #define HAL_SLEEP_SET_POWER_MODE()          st( while(halSleepInt == FALSE); \
    144                                                          halSleepInt = FALSE;         \
    145                                                          HAL_DISABLE_INTERRUPTS();    \
    146                                                        )
    147          #endif
    148          
    149          /* sleep and external interrupt port masks */
    150          #define STIE_BV                             BV(5)
    151          #define P0IE_BV                             BV(5)
    152          #define P1IE_BV                             BV(4)
    153          #define P2IE_BV                             BV(1)
    154          
    155          /* sleep timer interrupt control */
    156          #define HAL_SLEEP_TIMER_ENABLE_INT()        st(IEN0 |= STIE_BV;)     /* enable sleep timer interrupt */
    157          #define HAL_SLEEP_TIMER_DISABLE_INT()       st(IEN0 &= ~STIE_BV;)    /* disable sleep timer interrupt */
    158          #define HAL_SLEEP_TIMER_CLEAR_INT()         st(STIF = 0;)            /* clear sleep interrupt flag */
    159          
    160          /* backup interrupt enable registers before sleep */
    161          #define HAL_SLEEP_IE_BACKUP_AND_DISABLE(ien0, ien1, ien2) st(ien0  = IEN0;    /* backup IEN0 register */ \
    162                                                                       ien1  = IEN1;    /* backup IEN1 register */ \
    163                                                                       ien2  = IEN2;    /* backup IEN2 register */ \
    164                                                                       IEN0 &= STIE_BV; /* disable IEN0 except STIE */ \
    165                                                                       IEN1 &= P0IE_BV; /* disable IEN1 except P0IE */ \
    166                                                                       IEN2 &= (P1IE_BV|P2IE_BV);) /* disable IEN2 except P1IE, P2IE */
    167          
    168          /* restore interrupt enable registers before sleep */
    169          #define HAL_SLEEP_IE_RESTORE(ien0, ien1, ien2) st(IEN0 = ien0;   /* restore IEN0 register */ \
    170                                                            IEN1 = ien1;   /* restore IEN1 register */ \
    171                                                            IEN2 = ien2;)  /* restore IEN2 register */
    172          
    173          /* convert msec to 320 usec units with round */
    174          #define HAL_SLEEP_MS_TO_320US(ms)           (((((uint32) (ms)) * 100) + 31) / 32)
    175          
    176          /* for optimized indexing of uint32's */
    177          #if HAL_MCU_LITTLE_ENDIAN()
    178          #define UINT32_NDX0   0
    179          #define UINT32_NDX1   1
    180          #define UINT32_NDX2   2
    181          #define UINT32_NDX3   3
    182          #else
    183          #define UINT32_NDX0   3
    184          #define UINT32_NDX1   2
    185          #define UINT32_NDX2   1
    186          #define UINT32_NDX3   0
    187          #endif
    188          

   \                                 In  segment XDATA_I, align 1, keep-with-next
    189          static uint32 maxSleepLoopTime =  HAL_SLEEP_MS_TO_320US(MAX_SLEEP_TIME);
   \                     maxSleepLoopTime:
   \   000000                DS 4
   \   000004                REQUIRE `?<Initializer for maxSleepLoopTime>`
   \   000004                REQUIRE __INIT_XDATA_I
    190          
    191          /* ------------------------------------------------------------------------------------------------
    192           *                                        Global Variables
    193           * ------------------------------------------------------------------------------------------------
    194           */
    195          /* PCON register value to program when setting power mode */

   \                                 In  segment DATA_I, align 1, keep-with-next
    196          volatile __data uint8 halSleepPconValue = PCON_IDLE;
   \                     halSleepPconValue:
   \   000000                DS 1
   \   000001                REQUIRE `?<Initializer for halSleepPconValue>`
   \   000001                REQUIRE __INIT_DATA_I
    197          
    198          /* ------------------------------------------------------------------------------------------------
    199           *                                        Local Variables
    200           * ------------------------------------------------------------------------------------------------
    201           */
    202          
    203          /* HAL power management mode is set according to the power management state.
    204           */

   \                                 In  segment XDATA_Z, align 1, keep-with-next
    205          static uint8 halPwrMgtMode = HAL_SLEEP_OFF;
   \                     halPwrMgtMode:
   \   000000                DS 1
   \   000001                REQUIRE __INIT_XDATA_Z
    206          
    207          #ifdef HAL_SLEEP_DEBUG_POWER_MODE
    208          static bool halSleepInt = FALSE;
    209          #endif
    210          
    211          /* ------------------------------------------------------------------------------------------------
    212           *                                      Function Prototypes
    213           * ------------------------------------------------------------------------------------------------
    214           */
    215          
    216          void halSleepSetTimer(uint32 timeout);
    217          
    218          /**************************************************************************************************
    219           * @fn          halSleep
    220           *
    221           * @brief       This function put the CC2530 to sleep. The PCON instruction must be 4-byte aligned.
    222           *              The following code may cause excessive power consumption if not aligned. See linker
    223           *              file ".xcl" for actual placement.
    224           *
    225           * input parameters
    226           *
    227           * @param       None.
    228           *
    229           * output parameters
    230           *
    231           * None.
    232           *
    233           * @return      None.
    234           **************************************************************************************************
    235           */

   \                                 In  segment SLEEP_CODE, align 1, keep-with-next
    236          void halSetSleepMode(void)
   \                     halSetSleepMode:
    237          {
   \   000000                ; Saved register size: 0
   \   000000                ; Auto size: 0
    238            PCON = halSleepPconValue;
   \   000000   85..87       MOV     0x87,halSleepPconValue
    239            HAL_DISABLE_INTERRUPTS();
   \   000003   C2AF         CLR     0xa8.7
    240          }
   \   000005   02....       LJMP    ?BRET
   \   000008                REQUIRE PCON
   \   000008                REQUIRE _A_IEN0
    241          
    242          /**************************************************************************************************
    243           * @fn          halSetMaxSleepLoopTime
    244           *
    245           * @brief       This function is to used to setup the maximum sleep loop time. This sleep loop time 
    246           *              should be lesser than T2 rollover so that a maximum of only one rollover occurs 
    247           *              when cc2530 is in sleep. This function should be called whenever rolloverTime is 
    248           *              changed using the function macBackoffTimerSetRollover(macTimerRollover);
    249           *
    250           * input parameters
    251           *
    252           * @param       rolloverTime.
    253           *
    254           * output parameters
    255           *
    256           * None.
    257           *
    258           * @return      None.
    259           **************************************************************************************************
    260           */

   \                                 In  segment BANKED_CODE, align 1, keep-with-next
    261          void halSetMaxSleepLoopTime(uint32 rolloverTime)
   \                     halSetMaxSleepLoopTime:
    262          {
   \   000000   74F4         MOV     A,#-0xc
   \   000002   12....       LCALL   ?BANKED_ENTER_XDATA
   \   000005                ; Saved register size: 12
   \   000005                ; Auto size: 0
   \   000005   8A..         MOV     ?V0 + 0,R2
   \   000007   8B..         MOV     ?V0 + 1,R3
   \   000009   8C..         MOV     ?V0 + 2,R4
   \   00000B   8D..         MOV     ?V0 + 3,R5
    263            if( rolloverTime > HAL_SLEEP_MS_TO_320US(MAX_SLEEP_TIME) )
    264            {
    265              maxSleepLoopTime = HAL_SLEEP_MS_TO_320US(MAX_SLEEP_TIME);
    266            }
    267            maxSleepLoopTime = (rolloverTime - TICKS_SUBTRACTED);
   \   00000D   90....       MOV     DPTR,#__Constant_fffffffe
   \   000010   78..         MOV     R0,#?V0 + 0
   \   000012   12....       LCALL   ?L_ADD_X
   \   000015   90....       MOV     DPTR,#maxSleepLoopTime
   \   000018   78..         MOV     R0,#?V0 + 0
   \   00001A   12....       LCALL   ?L_MOV_TO_X
    268          }
   \   00001D   7F04         MOV     R7,#0x4
   \   00001F   02....       LJMP    ?BANKED_LEAVE_XDATA
    269          
    270          /**************************************************************************************************
    271           * @fn          halSleep
    272           *
    273           * @brief       This function is called from the OSAL task loop using and existing OSAL
    274           *              interface.  It sets the low power mode of the MAC and the CC2530.
    275           *
    276           * input parameters
    277           *
    278           * @param       osal_timeout - Next OSAL timer timeout.
    279           *
    280           * output parameters
    281           *
    282           * None.
    283           *
    284           * @return      None.
    285           **************************************************************************************************
    286           */

   \                                 In  segment BANKED_CODE, align 1, keep-with-next
    287          void halSleep( uint16 osal_timeout )
   \                     halSleep:
    288          {
   \   000000   74EC         MOV     A,#-0x14
   \   000002   12....       LCALL   ?BANKED_ENTER_XDATA
   \   000005                ; Saved register size: 20
   \   000005                ; Auto size: 0
    289            uint32        timeout;
    290            uint32        macTimeout = 0;
    291          
    292            /* get next OSAL timer expiration converted to 320 usec units */
    293            timeout = HAL_SLEEP_MS_TO_320US(osal_timeout);
   \   000005   8A..         MOV     ?V0 + 0,R2
   \   000007   8B..         MOV     ?V0 + 1,R3
   \   000009   E4           CLR     A
   \   00000A   F5..         MOV     ?V0 + 2,A
   \   00000C   F5..         MOV     ?V0 + 3,A
   \   00000E   90....       MOV     DPTR,#__Constant_64
   \   000011   78..         MOV     R0,#?V0 + 4
   \   000013   12....       LCALL   ?L_MOV_X
   \   000016   78..         MOV     R0,#?V0 + 0
   \   000018   79..         MOV     R1,#?V0 + 4
   \   00001A   12....       LCALL   ?L_MUL
   \   00001D   90....       MOV     DPTR,#__Constant_1f
   \   000020   78..         MOV     R0,#?V0 + 0
   \   000022   12....       LCALL   ?L_ADD_X
   \   000025   7405         MOV     A,#0x5
   \   000027   78..         MOV     R0,#?V0 + 0
   \   000029   12....       LCALL   ?UL_SHR
    294            if (timeout == 0)
   \   00002C   12....       LCALL   ?Subroutine0 & 0xFFFF
   \                     ??CrossCallReturnLabel_1:
   \   00002F   7019         JNZ     ??halSleep_0
    295            {
    296              timeout = MAC_PwrNextTimeout();
   \   000031                ; Setup parameters for call to function MAC_PwrNextTimeout
   \   000031   12....       LCALL   ??MAC_PwrNextTimeout?relay
   \   000034   8A..         MOV     ?V0 + 0,R2
   \   000036   8B..         MOV     ?V0 + 1,R3
   \   000038   8C..         MOV     ?V0 + 2,R4
   \   00003A   8D..         MOV     ?V0 + 3,R5
    297            }
    298            else
    299            {
    300              /* get next MAC timer expiration */
    301              macTimeout = MAC_PwrNextTimeout();
    302          
    303              /* get lesser of two timeouts */
    304              if ((macTimeout != 0) && (macTimeout < timeout))
    305              {
    306                timeout = macTimeout;
    307              }
    308            }
    309          
    310            /* HAL_SLEEP_PM2 is entered only if the timeout is zero and
    311             * the device is a stimulated device.
    312             */
    313          	halPwrMgtMode = (timeout == 0) ? HAL_SLEEP_DEEP : HAL_SLEEP_TIMER;
   \   00003C   EA           MOV     A,R2
   \   00003D   12....       LCALL   ??Subroutine1_0 & 0xFFFF
   \                     ??CrossCallReturnLabel_0:
   \   000040   702D         JNZ     ??halSleep_1
   \   000042   90....       MOV     DPTR,#halPwrMgtMode
   \   000045   7403         MOV     A,#0x3
   \   000047   F0           MOVX    @DPTR,A
   \   000048   803D         SJMP    ??halSleep_2
   \                     ??halSleep_0:
   \   00004A                ; Setup parameters for call to function MAC_PwrNextTimeout
   \   00004A   12....       LCALL   ??MAC_PwrNextTimeout?relay
   \   00004D   8A..         MOV     ?V0 + 4,R2
   \   00004F   8B..         MOV     ?V0 + 5,R3
   \   000051   8C..         MOV     ?V0 + 6,R4
   \   000053   8D..         MOV     ?V0 + 7,R5
   \   000055   EA           MOV     A,R2
   \   000056   45..         ORL     A,?V0 + 5
   \   000058   45..         ORL     A,?V0 + 6
   \   00005A   45..         ORL     A,?V0 + 7
   \   00005C   6011         JZ      ??halSleep_1
   \   00005E   78..         MOV     R0,#?V0 + 0
   \   000060   79..         MOV     R1,#?V0 + 4
   \   000062   12....       LCALL   ?UL_GT
   \   000065   5008         JNC     ??halSleep_1
   \   000067   8A..         MOV     ?V0 + 0,R2
   \   000069   8B..         MOV     ?V0 + 1,R3
   \   00006B   8C..         MOV     ?V0 + 2,R4
   \   00006D   8D..         MOV     ?V0 + 3,R5
   \                     ??halSleep_1:
   \   00006F   90....       MOV     DPTR,#halPwrMgtMode
   \   000072   7402         MOV     A,#0x2
   \   000074   F0           MOVX    @DPTR,A
    314          
    315            /* DEEP sleep can only be entered when zgPollRate == 0.
    316             * This is to eliminate any possibility of entering PM3 between
    317             * two network timers.
    318             */
    319          #if ZG_BUILD_ENDDEVICE_TYPE && defined (NWK_AUTO_POLL)
    320            if ((timeout > HAL_SLEEP_MS_TO_320US(PM_MIN_SLEEP_TIME)) ||
    321                (timeout == 0 && zgPollRate == 0))
    322          #else
    323            if ((timeout > HAL_SLEEP_MS_TO_320US(PM_MIN_SLEEP_TIME)) ||
    324                (timeout == 0))
   \   000075   90....       MOV     DPTR,#__Constant_2d
   \   000078   78..         MOV     R0,#?V0 + 0
   \   00007A   12....       LCALL   ?UL_GE_X
   \   00007D   4008         JC      ??halSleep_2
   \   00007F   12....       LCALL   ?Subroutine0 & 0xFFFF
   \                     ??CrossCallReturnLabel_2:
   \   000082   6003         JZ      $+5
   \   000084   02....       LJMP    ??halSleep_3 & 0xFFFF
    325          #endif
    326            {
    327              halIntState_t ien0, ien1, ien2;
    328          
    329              HAL_ASSERT(HAL_INTERRUPTS_ARE_ENABLED());
   \                     ??halSleep_2:
   \   000087   A2AF         MOV     C,0xa8.7
   \   000089   4003         JC      ??halSleep_4
   \   00008B                ; Setup parameters for call to function halAssertHandler
   \   00008B   12....       LCALL   ??halAssertHandler?relay
    330              HAL_DISABLE_INTERRUPTS();
   \                     ??halSleep_4:
   \   00008E   C2AF         CLR     0xa8.7
    331          
    332              /* always use "deep sleep" to turn off radio VREG on CC2530 */
    333              if (halSleepPconValue != 0 && MAC_PwrOffReq(MAC_PWR_SLEEP_DEEP) == MAC_SUCCESS)
   \   000090   E5..         MOV     A,halSleepPconValue
   \   000092   7003         JNZ     $+5
   \   000094   02....       LJMP    ??halSleep_5 & 0xFFFF
   \   000097                ; Setup parameters for call to function MAC_PwrOffReq
   \   000097   7902         MOV     R1,#0x2
   \   000099   12....       LCALL   ??MAC_PwrOffReq?relay
   \   00009C   E9           MOV     A,R1
   \   00009D   6003         JZ      $+5
   \   00009F   02....       LJMP    ??halSleep_5 & 0xFFFF
    334              {
    335                /* The PCON value is not zero. There is no interrupt overriding the 
    336                 * sleep decision. Also, the radio granted the sleep request.
    337                 */
    338          
    339          #if ((defined HAL_KEY) && (HAL_KEY == TRUE))
    340                /* get peripherals ready for sleep */
    341                HalKeyEnterSleep();
   \   0000A2                ; Setup parameters for call to function HalKeyEnterSleep
   \   0000A2   12....       LCALL   ??HalKeyEnterSleep?relay
    342          #endif
    343          
    344          #ifdef HAL_SLEEP_DEBUG_LED
    345                HAL_TURN_OFF_LED3();
    346          #else
    347                /* use this to turn LEDs off during sleep */
    348                HalLedEnterSleep();
   \   0000A5                ; Setup parameters for call to function HalLedEnterSleep
   \   0000A5   12....       LCALL   ??HalLedEnterSleep?relay
    349          #endif
    350          
    351                if(timeout > maxSleepLoopTime)
   \   0000A8   90....       MOV     DPTR,#maxSleepLoopTime
   \   0000AB   78..         MOV     R0,#?V0 + 0
   \   0000AD   12....       LCALL   ?UL_GT_X
   \   0000B0   5008         JNC     ??halSleep_6
    352                {
    353                  timeout = maxSleepLoopTime;
   \   0000B2   90....       MOV     DPTR,#maxSleepLoopTime
   \   0000B5   78..         MOV     R0,#?V0 + 0
   \   0000B7   12....       LCALL   ?L_MOV_X
    354                }  
    355          
    356                /* enable sleep timer interrupt */
    357          //***********************设置睡眠时间*****************************************//
    358                if (timeout != 0)
   \                     ??halSleep_6:
   \   0000BA   12....       LCALL   ?Subroutine0 & 0xFFFF
   \                     ??CrossCallReturnLabel_3:
   \   0000BD   7003         JNZ     $+5
   \   0000BF   02....       LJMP    ??halSleep_7 & 0xFFFF
    359                {
    360                    if(CountF == 1)                                //如果计算睡眠时间标志位为1 计算睡眠时间
   \   0000C2   90....       MOV     DPTR,#CountF
   \   0000C5   E0           MOVX    A,@DPTR
   \   0000C6   6401         XRL     A,#0x1
   \   0000C8   6003         JZ      $+5
   \   0000CA   02....       LJMP    ??halSleep_8 & 0xFFFF
    361                    {
    362                      	CountF = 0;                                  //消除标志位
   \   0000CD   E4           CLR     A
   \   0000CE   F0           MOVX    @DPTR,A
    363          				if(sleepMode == DATA_SLEEP) {
   \   0000CF   90....       MOV     DPTR,#sleepMode
   \   0000D2   E0           MOVX    A,@DPTR
   \   0000D3   6402         XRL     A,#0x2
   \   0000D5   7064         JNZ     ??halSleep_9
    364          				  	if(Mode == 'M')                              //调试模式采集间隔为2min
   \   0000D7   90....       MOV     DPTR,#Mode
   \   0000DA   E0           MOVX    A,@DPTR
   \   0000DB   644D         XRL     A,#0x4d
   \   0000DD   7005         JNZ     ??halSleep_10
    365                        			Time_Interval = 120000;
   \   0000DF   90....       MOV     DPTR,#__Constant_1d4c0
   \   0000E2   8008         SJMP    ??halSleep_11
    366                      		else if(Mode == 'C')                        //正常模式采集间隔为1h
   \                     ??halSleep_10:
   \   0000E4   E0           MOVX    A,@DPTR
   \   0000E5   6443         XRL     A,#0x43
   \   0000E7   700C         JNZ     ??halSleep_12
    367                        			Time_Interval = 3600000; 
   \   0000E9   90....       MOV     DPTR,#__Constant_36ee80
   \                     ??halSleep_11:
   \   0000EC   12....       LCALL   ?XLOAD_R2345
   \   0000EF   90....       MOV     DPTR,#Time_Interval
   \   0000F2   12....       LCALL   ?XSTORE_R2345
    368          					
    369          					SleepTime = Time_Interval-(osal_systemClock % Time_Interval) + (uint32)delayt;
   \                     ??halSleep_12:
   \   0000F5   90....       MOV     DPTR,#Time_Interval
   \   0000F8   78..         MOV     R0,#?V0 + 4
   \   0000FA   12....       LCALL   ?L_MOV_X
   \   0000FD   90....       MOV     DPTR,#osal_systemClock
   \   000100   78..         MOV     R0,#?V0 + 0
   \   000102   12....       LCALL   ?L_MOV_X
   \   000105   90....       MOV     DPTR,#Time_Interval
   \   000108   78..         MOV     R0,#?V0 + 8
   \   00010A   12....       LCALL   ?L_MOV_X
   \   00010D   78..         MOV     R0,#?V0 + 0
   \   00010F   79..         MOV     R1,#?V0 + 8
   \   000111   12....       LCALL   ?UL_DIV_MOD
   \   000114   78..         MOV     R0,#?V0 + 4
   \   000116   79..         MOV     R1,#?V0 + 8
   \   000118   12....       LCALL   ?L_SUB
   \   00011B   90....       MOV     DPTR,#delayt
   \   00011E   E0           MOVX    A,@DPTR
   \   00011F   F5..         MOV     ?V0 + 0,A
   \   000121   A3           INC     DPTR
   \   000122   E0           MOVX    A,@DPTR
   \   000123   F5..         MOV     ?V0 + 1,A
   \   000125   E4           CLR     A
   \   000126   F5..         MOV     ?V0 + 2,A
   \   000128   F5..         MOV     ?V0 + 3,A
   \   00012A   78..         MOV     R0,#?V0 + 4
   \   00012C   79..         MOV     R1,#?V0 + 0
   \   00012E   12....       LCALL   ?L_ADD
   \   000131   90....       MOV     DPTR,#SleepTime
   \   000134   78..         MOV     R0,#?V0 + 4
   \   000136   12....       LCALL   ?L_MOV_TO_X
   \   000139   8011         SJMP    ??halSleep_13
    370          				} else if (sleepMode == START_SLEEP) {
   \                     ??halSleep_9:
   \   00013B   E0           MOVX    A,@DPTR
   \   00013C   6401         XRL     A,#0x1
   \   00013E   700C         JNZ     ??halSleep_13
    371          				  	SleepTime = startSleepTime;
   \   000140   90....       MOV     DPTR,#startSleepTime
   \   000143   12....       LCALL   ?XLOAD_R2345
   \   000146   90....       MOV     DPTR,#SleepTime
   \   000149   12....       LCALL   ?XSTORE_R2345
    372          				}             
    373                                
    374                      	TCount = (uint8)(SleepTime / MAXSLEEPTIME);    //最大睡眠时间的个数
   \                     ??halSleep_13:
   \   00014C   90....       MOV     DPTR,#SleepTime
   \   00014F   78..         MOV     R0,#?V0 + 0
   \   000151   12....       LCALL   ?L_MOV_X
   \   000154   90....       MOV     DPTR,#__Constant_fa00
   \   000157   78..         MOV     R0,#?V0 + 4
   \   000159   12....       LCALL   ?L_MOV_X
   \   00015C   78..         MOV     R0,#?V0 + 0
   \   00015E   79..         MOV     R1,#?V0 + 4
   \   000160   12....       LCALL   ?UL_DIV_MOD
   \   000163   E5..         MOV     A,?V0 + 0
   \   000165   90....       MOV     DPTR,#TCount
   \   000168   F0           MOVX    @DPTR,A
    375                      	SleepTime = (uint32)(SleepTime % MAXSLEEPTIME);//剩余的睡眠时间
   \   000169   90....       MOV     DPTR,#SleepTime
   \   00016C   78..         MOV     R0,#?V0 + 0
   \   00016E   12....       LCALL   ?L_MOV_X
   \   000171   90....       MOV     DPTR,#__Constant_fa00
   \   000174   78..         MOV     R0,#?V0 + 4
   \   000176   12....       LCALL   ?L_MOV_X
   \   000179   78..         MOV     R0,#?V0 + 0
   \   00017B   79..         MOV     R1,#?V0 + 4
   \   00017D   12....       LCALL   ?UL_DIV_MOD
   \   000180   90....       MOV     DPTR,#SleepTime
   \   000183   78..         MOV     R0,#?V0 + 4
   \   000185   12....       LCALL   ?L_MOV_TO_X
    376                    }
    377          		  
    378                    if(TCount > 0) {
   \                     ??halSleep_8:
   \   000188   90....       MOV     DPTR,#TCount
   \   00018B   E0           MOVX    A,@DPTR
   \   00018C   6010         JZ      ??halSleep_14
    379                         TCount--;
   \   00018E   14           DEC     A
   \   00018F   F0           MOVX    @DPTR,A
    380                         SleepTime_MS = MAXSLEEPTIME;
   \   000190   90....       MOV     DPTR,#__Constant_fa00
   \   000193   12....       LCALL   ?XLOAD_R2345
   \   000196   90....       MOV     DPTR,#SleepTime_MS
   \   000199   12....       LCALL   ?XSTORE_R2345
   \   00019C   8020         SJMP    ??halSleep_15
    381                    } else {
    382                         SleepTime_MS = SleepTime;
   \                     ??halSleep_14:
   \   00019E   90....       MOV     DPTR,#SleepTime
   \   0001A1   12....       LCALL   ?XLOAD_R2345
   \   0001A4   90....       MOV     DPTR,#SleepTime_MS
   \   0001A7   12....       LCALL   ?XSTORE_R2345
    383                         CountF = 1;
   \   0001AA   90....       MOV     DPTR,#CountF
   \   0001AD   7401         MOV     A,#0x1
   \   0001AF   F0           MOVX    @DPTR,A
    384          			   if(sleepMode == DATA_SLEEP) {	// 若是数据睡眠，则到了采集发送的时间
   \   0001B0   90....       MOV     DPTR,#sleepMode
   \   0001B3   E0           MOVX    A,@DPTR
   \   0001B4   6402         XRL     A,#0x2
   \   0001B6   7006         JNZ     ??halSleep_15
    385          			   		TX_Flag=1;
   \   0001B8   90....       MOV     DPTR,#TX_Flag
   \   0001BB   7401         MOV     A,#0x1
   \   0001BD   F0           MOVX    @DPTR,A
    386          			   }
    387                    }
    388          //****************设置睡眠定时器 单位为MS*************************************//
    389                   halSleepSetTimer(HAL_SLEEP_MS_TO_320US(SleepTime_MS));
   \                     ??halSleep_15:
   \   0001BE                ; Setup parameters for call to function halSleepSetTimer
   \   0001BE   90....       MOV     DPTR,#SleepTime_MS
   \   0001C1   78..         MOV     R0,#?V0 + 0
   \   0001C3   12....       LCALL   ?L_MOV_X
   \   0001C6   90....       MOV     DPTR,#__Constant_64
   \   0001C9   78..         MOV     R0,#?V0 + 4
   \   0001CB   12....       LCALL   ?L_MOV_X
   \   0001CE   78..         MOV     R0,#?V0 + 0
   \   0001D0   79..         MOV     R1,#?V0 + 4
   \   0001D2   12....       LCALL   ?L_MUL
   \   0001D5   90....       MOV     DPTR,#__Constant_1f
   \   0001D8   78..         MOV     R0,#?V0 + 0
   \   0001DA   12....       LCALL   ?L_ADD_X
   \   0001DD   7405         MOV     A,#0x5
   \   0001DF   78..         MOV     R0,#?V0 + 0
   \   0001E1   12....       LCALL   ?UL_SHR
   \   0001E4   AA..         MOV     R2,?V0 + 0
   \   0001E6   AB..         MOV     R3,?V0 + 1
   \   0001E8   AC..         MOV     R4,?V0 + 2
   \   0001EA   AD..         MOV     R5,?V0 + 3
   \   0001EC   12....       LCALL   ??halSleepSetTimer?relay
    390                  
    391                   /* set up sleep timer interrupt */
    392                  HAL_SLEEP_TIMER_CLEAR_INT();
   \   0001EF   C2C7         CLR     0xc0.7
    393                  HAL_SLEEP_TIMER_ENABLE_INT();
   \   0001F1   D2AD         SETB    0xa8.5
    394                }
    395          
    396          #ifdef HAL_SLEEP_DEBUG_LED
    397                if (halPwrMgtMode == CC2530_PM1)
    398                {
    399                  HAL_TURN_ON_LED1();
    400                }
    401                else
    402                {
    403                  HAL_TURN_OFF_LED1();
    404                }
    405          #endif
    406          
    407                /* Prep CC2530 power mode */
    408                HAL_SLEEP_PREP_POWER_MODE(halPwrMgtMode);
   \                     ??halSleep_7:
   \   0001F3   53BEFC       ANL     0xbe,#0xfc
   \   0001F6   90....       MOV     DPTR,#halPwrMgtMode
   \   0001F9   E0           MOVX    A,@DPTR
   \   0001FA   42BE         ORL     0xbe,A
   \                     ??halSleep_16:
   \   0001FC   E5AD         MOV     A,0xad
   \   0001FE   A2E0         MOV     C,0xE0 /* A   */.0
   \   000200   50FA         JNC     ??halSleep_16
   \   000202   75..01       MOV     halSleepPconValue,#0x1
    409          
    410                /* save interrupt enable registers and disable all interrupts */
    411                HAL_SLEEP_IE_BACKUP_AND_DISABLE(ien0, ien1, ien2);
   \   000205   E5A8         MOV     A,0xa8
   \   000207   FE           MOV     R6,A
   \   000208   E5B8         MOV     A,0xb8
   \   00020A   FF           MOV     R7,A
   \   00020B   E59A         MOV     A,0x9a
   \   00020D   F5..         MOV     ?V0 + 0,A
   \   00020F   53A820       ANL     0xa8,#0x20
   \   000212   53B820       ANL     0xb8,#0x20
   \   000215   539A12       ANL     0x9a,#0x12
    412                HAL_ENABLE_INTERRUPTS();
   \   000218   D2AF         SETB    0xa8.7
    413          
    414                /* set CC2530 power mode, interrupt is disabled after this function
    415                 * Note that an ISR (that could wake up from power mode) which runs
    416                 * between the previous instruction enabling interrupts and before
    417                 * power mode is set would switch the halSleepPconValue so that
    418                 * power mode shall not be entered in such a case. 
    419                 */
    420                HAL_SLEEP_SET_POWER_MODE();
   \   00021A                ; Setup parameters for call to function halSetSleepMode
   \   00021A   12....       LCALL   ??halSetSleepMode?relay
    421          
    422                /* the interrupt is disabled - see halSetSleepMode() */
    423          
    424                /* restore interrupt enable registers */
    425                HAL_SLEEP_IE_RESTORE(ien0, ien1, ien2);
   \   00021D   8EA8         MOV     0xa8,R6
   \   00021F   8FB8         MOV     0xb8,R7
   \   000221   85..9A       MOV     0x9a,?V0 + 0
    426          
    427                /* disable sleep timer interrupt */
    428                HAL_SLEEP_TIMER_DISABLE_INT();
   \   000224   C2AD         CLR     0xa8.5
    429          
    430          #ifdef HAL_SLEEP_DEBUG_LED
    431                HAL_TURN_ON_LED3();
    432          #else
    433                /* use this to turn LEDs back on after sleep */
    434                HalLedExitSleep();
   \   000226                ; Setup parameters for call to function HalLedExitSleep
   \   000226   12....       LCALL   ??HalLedExitSleep?relay
    435          #endif
    436          
    437          #if ((defined HAL_KEY) && (HAL_KEY == TRUE))
    438                /* handle peripherals */
    439                (void)HalKeyExitSleep();
   \   000229                ; Setup parameters for call to function HalKeyExitSleep
   \   000229   12....       LCALL   ??HalKeyExitSleep?relay
    440          #endif
    441          
    442                /* power on the MAC; blocks until completion */
    443                MAC_PwrOnReq();
   \   00022C                ; Setup parameters for call to function MAC_PwrOnReq
   \   00022C   12....       LCALL   ??MAC_PwrOnReq?relay
    444          
    445                HAL_ENABLE_INTERRUPTS();
   \   00022F   D2AF         SETB    0xa8.7
    446          
    447                /* For CC2530, T2 interrupt wont be generated when the current count is greater than
    448                 * the comparator. The interrupt is only generated when the current count is equal to
    449                 * the comparator. When the CC2530 is waking up from sleep, there is a small window
    450                 * that the count may be grater than the comparator, therefore, missing the interrupt.
    451                 * This workaround will call the T2 ISR when the current T2 count is greater than the
    452                 * comparator. The problem only occurs when POWER_SAVING is turned on, i.e. the 32KHz
    453                 * drives the chip in sleep and SYNC start is used.
    454                 */
    455                macMcuTimer2OverflowWorkaround();
   \   000231                ; Setup parameters for call to function macMcuTimer2OverflowWorkaround
   \   000231   12....       LCALL   ??macMcuTimer2OverflowWorkaround?relay
   \   000234   8002         SJMP    ??halSleep_3
    456              }
    457              else
    458              {
    459                /* An interrupt may have changed the sleep decision. Do not sleep at all. Turn on
    460                 * the interrupt, exit normally, and the next sleep will be allowed.
    461                 */
    462                HAL_ENABLE_INTERRUPTS();
   \                     ??halSleep_5:
   \   000236   D2AF         SETB    0xa8.7
    463              }
    464            }
    465          }
   \                     ??halSleep_3:
   \   000238   7F0C         MOV     R7,#0xc
   \   00023A   02....       LJMP    ?BANKED_LEAVE_XDATA
   \   00023D                REQUIRE _A_IEN0
   \   00023D                REQUIRE _A_IRCON
   \   00023D                REQUIRE SLEEPCMD
   \   00023D                REQUIRE STLOAD
   \   00023D                REQUIRE _A_IEN1
   \   00023D                REQUIRE IEN2

   \                                 In  segment BANKED_CODE, align 1, keep-with-next
   \                     ?Subroutine0:
   \   000000   E5..         MOV     A,?V0 + 0
   \   000002                REQUIRE ??Subroutine1_0
   \   000002                ; // Fall through to label ??Subroutine1_0

   \                                 In  segment BANKED_CODE, align 1, keep-with-next
   \                     ??Subroutine1_0:
   \   000000   45..         ORL     A,?V0 + 1
   \   000002   45..         ORL     A,?V0 + 2
   \   000004   45..         ORL     A,?V0 + 3
   \   000006   22           RET
    466          
    467          /**************************************************************************************************
    468           * @fn          halSleepSetTimer
    469           *
    470           * @brief       This function sets the CC2530 sleep timer compare value.  First it reads and
    471           *              stores the value of the sleep timer; this value is used later to update OSAL
    472           *              timers.  Then the timeout value is converted from 320 usec units to 32 kHz
    473           *              period units and the compare value is set to the timeout.
    474           *
    475           * input parameters
    476           *
    477           * @param       timeout - Timeout value in 320 usec units.  The sleep timer compare is set to
    478           *                        this value.
    479           *
    480           * output parameters
    481           *
    482           * None.
    483           *
    484           * @return      None.
    485           **************************************************************************************************
    486           */

   \                                 In  segment BANKED_CODE, align 1, keep-with-next
    487          void halSleepSetTimer(uint32 timeout)
   \                     halSleepSetTimer:
    488          {
   \   000000   74F0         MOV     A,#-0x10
   \   000002   12....       LCALL   ?BANKED_ENTER_XDATA
   \   000005                ; Saved register size: 16
   \   000005                ; Auto size: 4
   \   000005   74FC         MOV     A,#-0x4
   \   000007   12....       LCALL   ?ALLOC_XSTACK8
   \   00000A   8A..         MOV     ?V0 + 0,R2
   \   00000C   8B..         MOV     ?V0 + 1,R3
   \   00000E   8C..         MOV     ?V0 + 2,R4
   \   000010   8D..         MOV     ?V0 + 3,R5
    489            uint32 ticks;
    490          
    491            /* read the sleep timer; ST0 must be read first */
    492            ((uint8 *) &ticks)[UINT32_NDX0] = ST0;
   \   000012   E595         MOV     A,0x95
   \   000014   85..82       MOV     DPL,?XSP + 0
   \   000017   85..83       MOV     DPH,?XSP + 1
   \   00001A   F0           MOVX    @DPTR,A
    493            ((uint8 *) &ticks)[UINT32_NDX1] = ST1;
   \   00001B   E596         MOV     A,0x96
   \   00001D   C0E0         PUSH    A
   \   00001F   7401         MOV     A,#0x1
   \   000021   12....       LCALL   ?XSTACK_DISP0_8
   \   000024   D0E0         POP     A
   \   000026   F0           MOVX    @DPTR,A
    494            ((uint8 *) &ticks)[UINT32_NDX2] = ST2;
   \   000027   E597         MOV     A,0x97
   \   000029   C0E0         PUSH    A
   \   00002B   7402         MOV     A,#0x2
   \   00002D   12....       LCALL   ?XSTACK_DISP0_8
   \   000030   D0E0         POP     A
   \   000032   F0           MOVX    @DPTR,A
    495            ((uint8 *) &ticks)[UINT32_NDX3] = 0;
   \   000033   7403         MOV     A,#0x3
   \   000035   12....       LCALL   ?XSTACK_DISP0_8
   \   000038   E4           CLR     A
   \   000039   F0           MOVX    @DPTR,A
    496          
    497            /* Compute sleep timer compare value.  The ratio of 32 kHz ticks to 320 usec ticks
    498             * is 32768/3125 = 10.48576.  This is nearly 671/64 = 10.484375.
    499             */
    500            ticks += (timeout * 671) / 64;
    501          
    502            /* subtract the processing time spent in function halSleep() */
    503            ticks -= HAL_SLEEP_ADJ_TICKS;
   \   00003A   90....       MOV     DPTR,#__Constant_29f
   \   00003D   78..         MOV     R0,#?V0 + 4
   \   00003F   12....       LCALL   ?L_MOV_X
   \   000042   78..         MOV     R0,#?V0 + 0
   \   000044   79..         MOV     R1,#?V0 + 4
   \   000046   12....       LCALL   ?L_MUL
   \   000049   7406         MOV     A,#0x6
   \   00004B   78..         MOV     R0,#?V0 + 0
   \   00004D   12....       LCALL   ?UL_SHR
   \   000050   90....       MOV     DPTR,#__Constant_ffffffe9
   \   000053   78..         MOV     R0,#?V0 + 0
   \   000055   12....       LCALL   ?L_ADD_X
   \   000058   85..82       MOV     DPL,?XSP + 0
   \   00005B   85..83       MOV     DPH,?XSP + 1
   \   00005E   78..         MOV     R0,#?V0 + 0
   \   000060   12....       LCALL   ?L_ADD_TO_X
    504          
    505            /* set sleep timer compare; ST0 must be written last */
    506            ST2 = ((uint8 *) &ticks)[UINT32_NDX2];
   \   000063   7402         MOV     A,#0x2
   \   000065   12....       LCALL   ?XSTACK_DISP0_8
   \   000068   E0           MOVX    A,@DPTR
   \   000069   F597         MOV     0x97,A
    507            ST1 = ((uint8 *) &ticks)[UINT32_NDX1];
   \   00006B   7401         MOV     A,#0x1
   \   00006D   12....       LCALL   ?XSTACK_DISP0_8
   \   000070   E0           MOVX    A,@DPTR
   \   000071   F596         MOV     0x96,A
    508            ST0 = ((uint8 *) &ticks)[UINT32_NDX0];
   \   000073   85..82       MOV     DPL,?XSP + 0
   \   000076   85..83       MOV     DPH,?XSP + 1
   \   000079   E0           MOVX    A,@DPTR
   \   00007A   F595         MOV     0x95,A
    509          }
   \   00007C   7404         MOV     A,#0x4
   \   00007E   12....       LCALL   ?DEALLOC_XSTACK8
   \   000081   7F08         MOV     R7,#0x8
   \   000083   02....       LJMP    ?BANKED_LEAVE_XDATA
   \   000086                REQUIRE ST0
   \   000086                REQUIRE ST1
   \   000086                REQUIRE ST2
    510          
    511          /**************************************************************************************************
    512           * @fn          TimerElapsed
    513           *
    514           * @brief       Determine the number of OSAL timer ticks elapsed during sleep.
    515           *              Deprecated for CC2530 and CC2430 SoC.
    516           *
    517           * input parameters
    518           *
    519           * @param       None.
    520           *
    521           * output parameters
    522           *
    523           * None.
    524           *
    525           * @return      Number of timer ticks elapsed during sleep.
    526           **************************************************************************************************
    527           */

   \                                 In  segment BANKED_CODE, align 1, keep-with-next
    528          uint32 TimerElapsed( void )
   \                     TimerElapsed:
    529          {
   \   000000                ; Saved register size: 0
   \   000000                ; Auto size: 0
    530            /* Stubs */
    531            return (0);
   \   000000   7A00         MOV     R2,#0x0
   \   000002   7B00         MOV     R3,#0x0
   \   000004   7C00         MOV     R4,#0x0
   \   000006   7D00         MOV     R5,#0x0
   \   000008   02....       LJMP    ?BRET
    532          }
    533          
    534          /**************************************************************************************************
    535           * @fn          halRestoreSleepLevel
    536           *
    537           * @brief       Restore the deepest timer sleep level.
    538           *
    539           * input parameters
    540           *
    541           * @param       None
    542           *
    543           * output parameters
    544           *
    545           *              None.
    546           *
    547           * @return      None.
    548           **************************************************************************************************
    549           */

   \                                 In  segment BANKED_CODE, align 1, keep-with-next
    550          void halRestoreSleepLevel( void )
   \                     halRestoreSleepLevel:
    551          {
   \   000000                ; Saved register size: 0
   \   000000                ; Auto size: 0
    552            /* Stubs */
    553          }
   \   000000   02....       LJMP    ?BRET
    554          
    555          /**************************************************************************************************
    556           * @fn          halSleepTimerIsr
    557           *
    558           * @brief       Sleep timer ISR.
    559           *
    560           * input parameters
    561           *
    562           * None.
    563           *
    564           * output parameters
    565           *
    566           * None.
    567           *
    568           * @return      None.
    569           **************************************************************************************************
    570           */

   \                                 In  segment NEAR_CODE, align 1, keep-with-next
    571          HAL_ISR_FUNCTION(halSleepTimerIsr, ST_VECTOR)
   \                     halSleepTimerIsr:
    572          {
   \   000000   C0E0         PUSH    A
   \   000002   C0D0         PUSH    PSW
   \   000004   E8           MOV     A,R0
   \   000005   C0E0         PUSH    A
   \   000007                ; Saved register size: 3
   \   000007                ; Auto size: 0
    573            HAL_ENTER_ISR();
   \   000007   E5A8         MOV     A,0xa8
   \   000009   D2AF         SETB    0xa8.7
    574            HAL_SLEEP_TIMER_CLEAR_INT();
   \   00000B   C2C7         CLR     0xc0.7
    575          
    576          #ifdef HAL_SLEEP_DEBUG_POWER_MODE
    577            halSleepInt = TRUE;
    578          #endif
    579            
    580            CLEAR_SLEEP_MODE();
   \   00000D   75..00       MOV     halSleepPconValue,#0x0
    581            HAL_EXIT_ISR();
   \   000010   A2E7         MOV     C,0xE0 /* A   */.7
   \   000012   92AF         MOV     0xa8.7,C
    582          }
   \   000014   D0E0         POP     A
   \   000016   F8           MOV     R0,A
   \   000017   D0D0         POP     PSW
   \   000019   D0E0         POP     A
   \   00001B   32           RETI
   \   00001C                REQUIRE _A_IEN0
   \   00001C                REQUIRE _A_IRCON

   \                                 In  segment INTVEC, offset 0x2b, root
   \                     `??halSleepTimerIsr??INTVEC 43`:
   \   00002B   02....       LJMP       (halSleepTimerIsr)

   \                                 In  segment XDATA_ID, align 1, keep-with-next
   \                     `?<Initializer for startSleepTime>`:
   \   000000   C4090000     DD 2500

   \                                 In  segment XDATA_ID, align 1, keep-with-next
   \                     `?<Initializer for maxSleepLoopTime>`:
   \   000000   96511800     DD 1593750

   \                                 In  segment DATA_ID, align 1, keep-with-next
   \                     `?<Initializer for halSleepPconValue>`:
   \   000000   01           DB 1

   \                                 In  segment XDATA_ROM_C, align 1
   \                     __Constant_fffffffe:
   \   000000   FEFFFFFF     DD 4294967294

   \                                 In  segment XDATA_ROM_C, align 1
   \                     __Constant_64:
   \   000000   64000000     DD 100

   \                                 In  segment XDATA_ROM_C, align 1
   \                     __Constant_1f:
   \   000000   1F000000     DD 31

   \                                 In  segment XDATA_ROM_C, align 1
   \                     __Constant_2d:
   \   000000   2D000000     DD 45

   \                                 In  segment XDATA_ROM_C, align 1
   \                     __Constant_1d4c0:
   \   000000   C0D40100     DD 120000

   \                                 In  segment XDATA_ROM_C, align 1
   \                     __Constant_36ee80:
   \   000000   80EE3600     DD 3600000

   \                                 In  segment XDATA_ROM_C, align 1
   \                     __Constant_fa00:
   \   000000   00FA0000     DD 64000

   \                                 In  segment XDATA_ROM_C, align 1
   \                     __Constant_29f:
   \   000000   9F020000     DD 671

   \                                 In  segment XDATA_ROM_C, align 1
   \                     __Constant_ffffffe9:
   \   000000   E9FFFFFF     DD 4294967273

   \                                 In  segment BANK_RELAYS, align 1
   \                     ??halSetSleepMode?relay:
   \   000000   12....       LCALL   ?BDISPATCH
   \   000003   ......       DC24    halSetSleepMode

   \                                 In  segment BANK_RELAYS, align 1
   \                     ??halSetMaxSleepLoopTime?relay:
   \   000000   12....       LCALL   ?BDISPATCH
   \   000003   ......       DC24    halSetMaxSleepLoopTime

   \                                 In  segment BANK_RELAYS, align 1
   \                     ??halSleep?relay:
   \   000000   12....       LCALL   ?BDISPATCH
   \   000003   ......       DC24    halSleep

   \                                 In  segment BANK_RELAYS, align 1
   \                     ??halSleepSetTimer?relay:
   \   000000   12....       LCALL   ?BDISPATCH
   \   000003   ......       DC24    halSleepSetTimer

   \                                 In  segment BANK_RELAYS, align 1
   \                     ??TimerElapsed?relay:
   \   000000   12....       LCALL   ?BDISPATCH
   \   000003   ......       DC24    TimerElapsed

   \                                 In  segment BANK_RELAYS, align 1
   \                     ??halRestoreSleepLevel?relay:
   \   000000   12....       LCALL   ?BDISPATCH
   \   000003   ......       DC24    halRestoreSleepLevel
    583          

   Maximum stack usage in bytes:

     Function                       ISTACK PSTACK XSTACK
     --------                       ------ ------ ------
     TimerElapsed                       0      0      0
     halRestoreSleepLevel               0      0      0
     halSetMaxSleepLoopTime             0      0     12
     halSetSleepMode                    0      0     20
     halSleep                           0      0     20
       -> MAC_PwrNextTimeout            0      0     40
       -> MAC_PwrNextTimeout            0      0     40
       -> halAssertHandler              0      0     40
       -> MAC_PwrOffReq                 0      0     40
       -> HalKeyEnterSleep              0      0     40
       -> HalLedEnterSleep              0      0     40
       -> halSleepSetTimer              0      0     40
       -> halSetSleepMode               0      0     40
       -> HalLedExitSleep               0      0     40
       -> HalKeyExitSleep               0      0     40
       -> MAC_PwrOnReq                  0      0     40
       -> macMcuTimer2OverflowWorkaround
                                        0      0     40
     halSleepSetTimer                   1      0     40
     halSleepTimerIsr                   3      0      0


   Segment part sizes:

     Function/Label                       Bytes
     --------------                       -----
     PCON                                    1
     ST0                                     1
     ST1                                     1
     ST2                                     1
     IEN2                                    1
     _A_IEN0                                 1
     STLOAD                                  1
     _A_IEN1                                 1
     SLEEPCMD                                1
     _A_IRCON                                1
     sleepMode                               1
     startSleepTime                          4
     Time_Interval                           4
     maxSleepLoopTime                        4
     halSleepPconValue                       1
     halPwrMgtMode                           1
     halSetSleepMode                         8
     halSetMaxSleepLoopTime                 34
     halSleep                              573
     ?Subroutine0                            2
     ??Subroutine1_0                         7
     halSleepSetTimer                      134
     TimerElapsed                           11
     halRestoreSleepLevel                    3
     halSleepTimerIsr                       28
     ??halSleepTimerIsr??INTVEC 43           3
     ?<Initializer for startSleepTime>       4
     ?<Initializer for maxSleepLoopTime>     4
     ?<Initializer for halSleepPconValue>    1
     __Constant_fffffffe                     4
     __Constant_64                           4
     __Constant_1f                           4
     __Constant_2d                           4
     __Constant_1d4c0                        4
     __Constant_36ee80                       4
     __Constant_fa00                         4
     __Constant_29f                          4
     __Constant_ffffffe9                     4
     ??halSetSleepMode?relay                 6
     ??halSetMaxSleepLoopTime?relay          6
     ??halSleep?relay                        6
     ??halSleepSetTimer?relay                6
     ??TimerElapsed?relay                    6
     ??halRestoreSleepLevel?relay            6

 
 764 bytes in segment BANKED_CODE
  36 bytes in segment BANK_RELAYS
   1 byte  in segment DATA_I
   1 byte  in segment DATA_ID
   3 bytes in segment INTVEC
  28 bytes in segment NEAR_CODE
  10 bytes in segment SFR_AN
   8 bytes in segment SLEEP_CODE
   8 bytes in segment XDATA_I
   8 bytes in segment XDATA_ID
  36 bytes in segment XDATA_ROM_C
   6 bytes in segment XDATA_Z
 
 845 bytes of CODE  memory (+  3 bytes shared)
   0 bytes of CONST memory (+ 36 bytes shared)
   1 byte  of DATA  memory (+ 10 bytes shared)
  14 bytes of XDATA memory

Errors: none
Warnings: none
